mktextfm nullfont
mktextfm nullfont
mktextfm nullfont
mktextfm nullfont
mktextfm FontAwesome
mktextfm FontAwesome
mktextfm FontAwesome
mktextfm FontAwesome/BI
mktextfm FontAwesome
mktextfm FontAwesome/B
mktextfm FontAwesome
mktextfm FontAwesome/I
mktextfm FontAwesome
mktextfm FontAwesome
mktextfm FontAwesome
mktextfm FontAwesome
mktextfm FontAwesome
mktextfm FontAwesome/BI
mktextfm FontAwesome
mktextfm FontAwesome/B
mktextfm FontAwesome
mktextfm FontAwesome/I
mktextfm FontAwesome
mktextfm FontAwesome
mktextfm SimSun/OT
mktextfm SimSun/OT
mktextfm SimSun/OT
mktextfm SimSun/BI/OT
mktextfm SimSun/OT
mktextfm SimSun/B/OT
mktextfm SimSun/OT
mktextfm SimSun/I/OT
mktextfm SimSun/OT
mktextfm SimSun/OT
mktextfm SimSun/OT
mktextfm SimSun/OT
mktextfm SimSun/OT
mktextfm SimSun/BI/OT
mktextfm SimSun/OT
mktextfm SimSun/B/OT
mktextfm SimSun/OT
mktextfm SimSun/I/OT
mktextfm SimSun/OT
mktextfm SimSun/OT
mktextfm SimSun/OT
mktextfm SimSun/OT
mktextfm SimSun/OT
mktextfm SimSun/BI/OT
mktextfm SimSun/OT
mktextfm SimSun/B/OT
mktextfm SimSun/OT
mktextfm SimSun/I/OT
mktextfm SimSun/OT
mktextfm SimSun/OT
mktextfm SimSun/OT
mktextfm SimSun/OT
mktextfm SimSun/OT
mktextfm SimSun/BI/OT
mktextfm SimSun/OT
mktextfm SimSun/B/OT
mktextfm SimSun/OT
mktextfm SimSun/I/OT
mktextfm SimSun/OT
mktextfm SimSun/OT
mktextfm SimSun/OT
mktextfm SimSun/OT
mktextfm SimSun/OT
mktextfm SimSun/BI/OT
mktextfm SimSun/OT
mktextfm SimSun/B/OT
mktextfm SimSun/OT
mktextfm SimSun/I/OT
mktextfm SimSun/OT
mktextfm SimSun/OT
